<?xml version="1.0" encoding="UTF-8"?>
<!-- Generated by org.testng.reporters.JUnitXMLReporter -->
<testsuite ignored="0" hostname="LAPTOP-8LKTCC8P" failures="0" tests="10" name="Test" time="9.442" errors="0" timestamp="2024-01-17T22:32:21 IST">
  <testcase classname="org.testing.testScripts.TC1_PostRequest" name="testcase1" time="1.769"/>
  <testcase classname="org.testing.testScripts.TC2_GetAllRequest" name="testcase2" time="0.079"/>
  <testcase classname="org.testing.testScripts.TC3_GetParticularRequest" name="testcase3" time="0.048"/>
  <testcase classname="org.testing.testScripts.TC4_UpdateRequest" name="testCase4" time="0.043"/>
  <testcase classname="org.testing.testScripts.TC5_DeleteRequest" name="testCase5" time="0.03"/>
  <testcase classname="org.testing.testScripts.TC6_GetAllData" name="testcase6" time="0.551"/>
  <testcase classname="org.testing.testScripts.TC7_GetSingleData" name="testcase7" time="0.075"/>
  <testcase classname="org.testing.testScripts.TC8_CreateEmployee" name="testcase8" time="0.943"/>
  <testcase classname="org.testing.testScripts.TC9_UpdateEmployee" name="testCase9" time="4.949"/>
  <testcase classname="org.testing.testScripts.TC10_DeleteEmployee" name="testCase10" time="0.882"/>
</testsuite> <!-- Test -->
