<?xml version="1.0" encoding="UTF-8"?>
<!-- Generated by org.testng.reporters.JUnitXMLReporter -->
<testsuite ignored="0" hostname="LAPTOP-8LKTCC8P" failures="0" tests="10" name="Test" time="11.006" errors="0" timestamp="2024-01-19T00:32:30 IST">
  <testcase classname="org.testing.testScripts.TC1_PostRequest" name="testcase1" time="2.375"/>
  <testcase classname="org.testing.testScripts.TC2_GetAllRequest" name="testcase2" time="0.218"/>
  <testcase classname="org.testing.testScripts.TC3_GetParticularRequest" name="testcase3" time="0.247"/>
  <testcase classname="org.testing.testScripts.TC4_UpdateRequest" name="testCase4" time="0.208"/>
  <testcase classname="org.testing.testScripts.TC5_DeleteRequest" name="testCase5" time="0.113"/>
  <testcase classname="org.testing.testScripts.TC6_GetAllData" name="testcase6" time="0.476"/>
  <testcase classname="org.testing.testScripts.TC7_GetSingleData" name="testcase7" time="0.228"/>
  <testcase classname="org.testing.testScripts.TC8_CreateEmployee" name="testcase8" time="1.087"/>
  <testcase classname="org.testing.testScripts.TC9_UpdateEmployee" name="testCase9" time="5.015"/>
  <testcase classname="org.testing.testScripts.TC10_DeleteEmployee" name="testCase10" time="0.979"/>
</testsuite> <!-- Test -->
